<?xml version="1.0" encoding="UTF-8"?>
<testng-results skipped="0" failed="0" total="0" passed="0">
  <reporter-output>
  </reporter-output>
  <suite name="Default suite" duration-ms="11" started-at="2015-11-02T21:51:50Z" finished-at="2015-11-02T21:51:50Z">
    <groups>
    </groups>
    <test name="Default test" duration-ms="11" started-at="2015-11-02T21:51:50Z" finished-at="2015-11-02T21:51:50Z">
      <class name="whatever.FlightsRoundtrip">
        <test-method status="PASS" signature="steUp()[pri:0, instance:whatever.FlightsRoundtrip@71f2a7d5]" name="steUp" is-config="true" duration-ms="26763" started-at="2015-11-02T16:51:23Z" finished-at="2015-11-02T16:51:50Z">
          <reporter-output>
          </reporter-output>
        </test-method> <!-- steUp -->
      </class> <!-- whatever.FlightsRoundtrip -->
    </test> <!-- Default test -->
  </suite> <!-- Default suite -->
</testng-results>
